# JRE version: OpenJDK Runtime Environment (21.0.10) (build 21.0.10+-14961533-b1163.108)
# Java VM: OpenJDK 64-Bit Server VM (21.0.10+-14961533-b1163.108, mixed mode, tiered, compressed oops, compressed class ptrs, g1 gc, windows-amd64)
GC Precious Log:
 CardTable entry size: 512
 Card Set container configuration: InlinePtr #cards 4 size 8 Array Of Cards #cards 16 size 48 Howl #buckets 8 coarsen threshold 3686 Howl Bitmap #cards 512 size 80 coarsen threshold 460 Card regions per heap region 1 cards per card region 4096
 CPUs: 8 total, 8 available
 Memory: 5877M
 Large Page Support: Disabled
 NUMA Support: Disabled
 Compressed Oops: Enabled (Zero based)
 Heap Region Size: 2M
 Heap Min Capacity: 8M
 Heap Initial Capacity: 92M
 Heap Max Capacity: 3G
 Pre-touch: Disabled
 Parallel Workers: 8
 Concurrent Workers: 2
 Concurrent Refinement Workers: 8
 Periodic GC: Disabled
Heap:
 garbage-first heap   total 315392K, used 244351K [0x0000000740000000, 0x0000000800000000)
  region size 2048K, 32 young (65536K), 5 survivors (10240K)
 Metaspace       used 157899K, committed 160256K, reserved 1245184K
  class space    used 22198K, committed 23360K, reserved 1048576K
GC Heap History (20 events):
Event: 103.048 GC heap before
{Heap before GC invocations=42 (full 0):
 garbage-first heap   total 262144K, used 234658K [0x0000000740000000, 0x0000000800000000)
  region size 2048K, 57 young (116736K), 6 survivors (12288K)
 Metaspace       used 114066K, committed 116224K, reserved 1179648K
  class space    used 15892K, committed 16960K, reserved 1048576K
}
Event: 103.065 GC heap after
{Heap after GC invocations=43 (full 0):
 garbage-first heap   total 262144K, used 137344K [0x0000000740000000, 0x0000000800000000)
  region size 2048K, 7 young (14336K), 7 survivors (14336K)
 Metaspace       used 114066K, committed 116224K, reserved 1179648K
  class space    used 15892K, committed 16960K, reserved 1048576K
}
Event: 119.013 GC heap before
{Heap before GC invocations=44 (full 0):
 garbage-first heap   total 262144K, used 237696K [0x0000000740000000, 0x0000000800000000)
  region size 2048K, 56 young (114688K), 7 survivors (14336K)
 Metaspace       used 119931K, committed 122176K, reserved 1179648K
  class space    used 16772K, committed 17856K, reserved 1048576K
}
Event: 119.084 GC heap after
{Heap after GC invocations=45 (full 0):
 garbage-first heap   total 262144K, used 141504K [0x0000000740000000, 0x0000000800000000)
  region size 2048K, 6 young (12288K), 6 survivors (12288K)
 Metaspace       used 119931K, committed 122176K, reserved 1179648K
  class space    used 16772K, committed 17856K, reserved 1048576K
}
Event: 133.814 GC heap before
{Heap before GC invocations=45 (full 0):
 garbage-first heap   total 262144K, used 241856K [0x0000000740000000, 0x0000000800000000)
  region size 2048K, 55 young (112640K), 6 survivors (12288K)
 Metaspace       used 125527K, committed 127808K, reserved 1179648K
  class space    used 17697K, committed 18816K, reserved 1048576K
}
Event: 133.986 GC heap after
{Heap after GC invocations=46 (full 0):
 garbage-first heap   total 262144K, used 142003K [0x0000000740000000, 0x0000000800000000)
  region size 2048K, 4 young (8192K), 4 survivors (8192K)
 Metaspace       used 125527K, committed 127808K, reserved 1179648K
  class space    used 17697K, committed 18816K, reserved 1048576K
}
Event: 156.536 GC heap before
{Heap before GC invocations=46 (full 0):
 garbage-first heap   total 262144K, used 228019K [0x0000000740000000, 0x0000000800000000)
  region size 2048K, 48 young (98304K), 4 survivors (8192K)
 Metaspace       used 131049K, committed 133248K, reserved 1179648K
  class space    used 18317K, committed 19392K, reserved 1048576K
}
Event: 156.742 GC heap after
{Heap after GC invocations=47 (full 0):
 garbage-first heap   total 262144K, used 147708K [0x0000000740000000, 0x0000000800000000)
  region size 2048K, 7 young (14336K), 7 survivors (14336K)
 Metaspace       used 131049K, committed 133248K, reserved 1179648K
  class space    used 18317K, committed 19392K, reserved 1048576K
}
Event: 172.596 GC heap before
{Heap before GC invocations=48 (full 0):
 garbage-first heap   total 262144K, used 241916K [0x0000000740000000, 0x0000000800000000)
  region size 2048K, 53 young (108544K), 7 survivors (14336K)
 Metaspace       used 138715K, committed 141056K, reserved 1179648K
  class space    used 19490K, committed 20608K, reserved 1048576K
}
Event: 172.715 GC heap after
{Heap after GC invocations=49 (full 0):
 garbage-first heap   total 264192K, used 154880K [0x0000000740000000, 0x0000000800000000)
  region size 2048K, 6 young (12288K), 6 survivors (12288K)
 Metaspace       used 138715K, committed 141056K, reserved 1179648K
  class space    used 19490K, committed 20608K, reserved 1048576K
}
Event: 190.441 GC heap before
{Heap before GC invocations=49 (full 0):
 garbage-first heap   total 264192K, used 247040K [0x0000000740000000, 0x0000000800000000)
  region size 2048K, 51 young (104448K), 6 survivors (12288K)
 Metaspace       used 147686K, committed 150016K, reserved 1179648K
  class space    used 20600K, committed 21760K, reserved 1048576K
}
Event: 190.672 GC heap after
{Heap after GC invocations=50 (full 0):
 garbage-first heap   total 276480K, used 164818K [0x0000000740000000, 0x0000000800000000)
  region size 2048K, 7 young (14336K), 7 survivors (14336K)
 Metaspace       used 147686K, committed 150016K, reserved 1179648K
  class space    used 20600K, committed 21760K, reserved 1048576K
}
Event: 208.653 GC heap before
{Heap before GC invocations=50 (full 0):
 garbage-first heap   total 276480K, used 250834K [0x0000000740000000, 0x0000000800000000)
  region size 2048K, 50 young (102400K), 7 survivors (14336K)
 Metaspace       used 150084K, committed 152448K, reserved 1179648K
  class space    used 20856K, committed 22016K, reserved 1048576K
}
Event: 208.711 GC heap after
{Heap after GC invocations=51 (full 0):
 garbage-first heap   total 280576K, used 176750K [0x0000000740000000, 0x0000000800000000)
  region size 2048K, 6 young (12288K), 6 survivors (12288K)
 Metaspace       used 150084K, committed 152448K, reserved 1179648K
  class space    used 20856K, committed 22016K, reserved 1048576K
}
Event: 211.829 GC heap before
{Heap before GC invocations=52 (full 0):
 garbage-first heap   total 296960K, used 256622K [0x0000000740000000, 0x0000000800000000)
  region size 2048K, 45 young (92160K), 6 survivors (12288K)
 Metaspace       used 150084K, committed 152448K, reserved 1179648K
  class space    used 20856K, committed 22016K, reserved 1048576K
}
Event: 211.872 GC heap after
{Heap after GC invocations=53 (full 0):
 garbage-first heap   total 296960K, used 181698K [0x0000000740000000, 0x0000000800000000)
  region size 2048K, 4 young (8192K), 4 survivors (8192K)
 Metaspace       used 150084K, committed 152448K, reserved 1179648K
  class space    used 20856K, committed 22016K, reserved 1048576K
}
Event: 215.577 GC heap before
{Heap before GC invocations=53 (full 0):
 garbage-first heap   total 296960K, used 269762K [0x0000000740000000, 0x0000000800000000)
  region size 2048K, 47 young (96256K), 4 survivors (8192K)
 Metaspace       used 150084K, committed 152448K, reserved 1179648K
  class space    used 20856K, committed 22016K, reserved 1048576K
}
Event: 215.589 GC heap after
{Heap after GC invocations=54 (full 0):
 garbage-first heap   total 296960K, used 182546K [0x0000000740000000, 0x0000000800000000)
  region size 2048K, 5 young (10240K), 5 survivors (10240K)
 Metaspace       used 150084K, committed 152448K, reserved 1179648K
  class space    used 20856K, committed 22016K, reserved 1048576K
}
Event: 222.789 GC heap before
{Heap before GC invocations=54 (full 0):
 garbage-first heap   total 296960K, used 270610K [0x0000000740000000, 0x0000000800000000)
  region size 2048K, 48 young (98304K), 5 survivors (10240K)
 Metaspace       used 150184K, committed 152576K, reserved 1179648K
  class space    used 20873K, committed 22016K, reserved 1048576K
}
Event: 222.865 GC heap after
{Heap after GC invocations=55 (full 0):
 garbage-first heap   total 296960K, used 187007K [0x0000000740000000, 0x0000000800000000)
  region size 2048K, 5 young (10240K), 5 survivors (10240K)
 Metaspace       used 150184K, committed 152576K, reserved 1179648K
  class space    used 20873K, committed 22016K, reserved 1048576K
}

